<?xml version="1.0" encoding="UTF-8"?>
<!-- Generated by org.testng.reporters.JUnitXMLReporter -->
<testsuite hostname="Adnans-MacBook-Pro.local" ignored="2" name="Grouping The methods" tests="2" failures="0" timestamp="12 Feb 2018 22:57:41 GMT" time="0.028" errors="0">
  <testcase name="testHondaCBR" time="0.003" classname="testNGPractice.TestNGGroupingPractice"/>
  <testcase name="testNinja" time="0.001" classname="testNGPractice.TestNGGroupingPractice"/>
  <testcase name="testBMWX6" time="0.0" classname="testNGPractice.TestNGGroupingPractice">
    <ignored/>
  </testcase> <!-- testBMWX6 -->
  <testcase name="testAudiA6" time="0.0" classname="testNGPractice.TestNGGroupingPractice">
    <ignored/>
  </testcase> <!-- testAudiA6 -->
</testsuite> <!-- Grouping The methods -->
