<?xml version="1.0" encoding="UTF-8"?>
<!-- Generated by org.testng.reporters.JUnitXMLReporter -->
<testsuite hostname="Adnans-MacBook-Pro.local" ignored="0" name="TestNGSuite TRsing" tests="4" failures="0" timestamp="13 Feb 2018 19:40:14 GMT" time="0.036" errors="0">
  <testcase name="method1" time="0.005" classname="testNGPractice.TestNGSuitePractice1"/>
  <testcase name="method2" time="0.001" classname="testNGPractice.TestNGSuitePractice1"/>
  <testcase name="method1" time="0.001" classname="testNGPractice.TestNGSuitePractice2"/>
  <testcase name="method2" time="0.001" classname="testNGPractice.TestNGSuitePractice2"/>
</testsuite> <!-- TestNGSuite TRsing -->
