<?xml version="1.0" encoding="UTF-8"?>
<testng-results skipped="0" failed="0" ignored="0" total="3" passed="3">
  <reporter-output>
  </reporter-output>
  <suite name="Default suite" duration-ms="31" started-at="2018-02-13T22:00:25Z" finished-at="2018-02-13T22:00:25Z">
    <groups>
    </groups>
    <test name="Default test" duration-ms="31" started-at="2018-02-13T22:00:25Z" finished-at="2018-02-13T22:00:25Z">
      <class name="testNGPractice.DataProvidersInTestNG">
        <test-method status="PASS" signature="testMethod1(java.lang.String, java.lang.String)[pri:0, instance:testNGPractice.DataProvidersInTestNG@52feb982]" name="testMethod1" duration-ms="6" started-at="2018-02-13T22:00:25Z" data-provider="inputs" finished-at="2018-02-13T22:00:25Z">
          <params>
            <param index="0">
              <value>
                <![CDATA[bmw]]>
              </value>
            </param>
            <param index="1">
              <value>
                <![CDATA[x5]]>
              </value>
            </param>
          </params>
          <reporter-output>
          </reporter-output>
        </test-method> <!-- testMethod1 -->
        <test-method status="PASS" signature="testMethod1(java.lang.String, java.lang.String)[pri:0, instance:testNGPractice.DataProvidersInTestNG@52feb982]" name="testMethod1" duration-ms="1" started-at="2018-02-13T22:00:25Z" data-provider="inputs" finished-at="2018-02-13T22:00:25Z">
          <params>
            <param index="0">
              <value>
                <![CDATA[audi]]>
              </value>
            </param>
            <param index="1">
              <value>
                <![CDATA[A6]]>
              </value>
            </param>
          </params>
          <reporter-output>
          </reporter-output>
        </test-method> <!-- testMethod1 -->
        <test-method status="PASS" signature="testMethod1(java.lang.String, java.lang.String)[pri:0, instance:testNGPractice.DataProvidersInTestNG@52feb982]" name="testMethod1" duration-ms="2" started-at="2018-02-13T22:00:25Z" data-provider="inputs" finished-at="2018-02-13T22:00:25Z">
          <params>
            <param index="0">
              <value>
                <![CDATA[mercedes]]>
              </value>
            </param>
            <param index="1">
              <value>
                <![CDATA[c300]]>
              </value>
            </param>
          </params>
          <reporter-output>
          </reporter-output>
        </test-method> <!-- testMethod1 -->
      </class> <!-- testNGPractice.DataProvidersInTestNG -->
    </test> <!-- Default test -->
  </suite> <!-- Default suite -->
</testng-results>
